[ 2017-10-24T09:42:14+08:00 ] 36.57.148.241 /favicon.ico
ERR: 无法加载模块:Favicon

[ 2017-10-24T15:50:14+08:00 ] 36.57.148.241 /favicon.ico
INFO: [ app_init ] --START--
INFO: Run Behavior\BuildLiteBehavior [ RunTime:0.000011s ]
INFO: [ app_init ] --END-- [ RunTime:0.000238s ]
ERR: 无法加载模块:Favicon

[ 2017-10-24T15:56:23+08:00 ] 36.57.148.241 /favicon.ico
INFO: [ app_init ] --START--
INFO: Run Behavior\BuildLiteBehavior [ RunTime:0.000013s ]
INFO: [ app_init ] --END-- [ RunTime:0.000290s ]
ERR: 无法加载模块:Favicon

[ 2017-10-24T15:56:44+08:00 ] 36.57.148.241 /index.php/admin
INFO: [ app_init ] --START--
INFO: Run Behavior\BuildLiteBehavior [ RunTime:0.000012s ]
INFO: [ app_init ] --END-- [ RunTime:0.000273s ]
ERR: 无法加载模块:Index.php

[ 2017-10-24T15:57:13+08:00 ] 36.57.148.241 /index.php/admin/Index
INFO: [ app_init ] --START--
INFO: Run Behavior\BuildLiteBehavior [ RunTime:0.000011s ]
INFO: [ app_init ] --END-- [ RunTime:0.000225s ]
ERR: 无法加载模块:Index.php

[ 2017-10-24T15:57:28+08:00 ] 36.57.148.241 /index.php/admin/index
INFO: [ app_init ] --START--
INFO: Run Behavior\BuildLiteBehavior [ RunTime:0.000011s ]
INFO: [ app_init ] --END-- [ RunTime:0.000224s ]
ERR: 无法加载模块:Index.php

[ 2017-10-24T15:57:56+08:00 ] 36.57.148.241 /index.php/admin/
INFO: [ app_init ] --START--
INFO: Run Behavior\BuildLiteBehavior [ RunTime:0.000012s ]
INFO: [ app_init ] --END-- [ RunTime:0.000279s ]
ERR: 无法加载模块:Index.php

[ 2017-10-24T15:59:03+08:00 ] 36.57.148.241 /index.php/Admin
INFO: [ app_init ] --START--
INFO: Run Behavior\BuildLiteBehavior [ RunTime:0.000012s ]
INFO: [ app_init ] --END-- [ RunTime:0.000244s ]
ERR: 无法加载模块:Index.php

[ 2017-10-24T16:05:29+08:00 ] 36.57.148.241 /index.php/Admin/Index
INFO: [ app_init ] --START--
INFO: Run Behavior\BuildLiteBehavior [ RunTime:0.000013s ]
INFO: [ app_init ] --END-- [ RunTime:0.000246s ]
ERR: 无法加载模块:Index.php

[ 2017-10-24T16:05:37+08:00 ] 36.57.148.241 /index.php/Admin/index
INFO: [ app_init ] --START--
INFO: Run Behavior\BuildLiteBehavior [ RunTime:0.000014s ]
INFO: [ app_init ] --END-- [ RunTime:0.000310s ]
ERR: 无法加载模块:Index.php

[ 2017-10-24T16:05:45+08:00 ] 36.57.148.241 /index.php/Admin/index/index
INFO: [ app_init ] --START--
INFO: Run Behavior\BuildLiteBehavior [ RunTime:0.000012s ]
INFO: [ app_init ] --END-- [ RunTime:0.000238s ]
ERR: 无法加载模块:Index.php

[ 2017-10-24T16:06:53+08:00 ] 36.57.148.241 /index.php/
INFO: [ app_init ] --START--
INFO: Run Behavior\BuildLiteBehavior [ RunTime:0.000014s ]
INFO: [ app_init ] --END-- [ RunTime:0.000300s ]
ERR: 无法加载模块:Index

[ 2017-10-24T16:06:57+08:00 ] 36.57.148.241 /index.php/Admin/index/index
INFO: [ app_init ] --START--
INFO: Run Behavior\BuildLiteBehavior [ RunTime:0.000010s ]
INFO: [ app_init ] --END-- [ RunTime:0.000223s ]
ERR: 无法加载模块:Index.php

[ 2017-10-24T16:07:08+08:00 ] 36.57.148.241 /index.php/Home/product/index.html
INFO: [ app_init ] --START--
INFO: Run Behavior\BuildLiteBehavior [ RunTime:0.000013s ]
INFO: [ app_init ] --END-- [ RunTime:0.000238s ]
ERR: 无法加载模块:Index.php

[ 2017-10-24T16:07:13+08:00 ] 36.57.148.241 /index.php/Home/product/index.html
INFO: [ app_init ] --START--
INFO: Run Behavior\BuildLiteBehavior [ RunTime:0.000020s ]
INFO: [ app_init ] --END-- [ RunTime:0.000246s ]
ERR: 无法加载模块:Index.php

[ 2017-10-24T16:07:16+08:00 ] 36.57.148.241 /index.php/Home/server/index.html
INFO: [ app_init ] --START--
INFO: Run Behavior\BuildLiteBehavior [ RunTime:0.000012s ]
INFO: [ app_init ] --END-- [ RunTime:0.000253s ]
ERR: 无法加载模块:Index.php

[ 2017-10-24T16:08:05+08:00 ] 36.57.148.241 /index.php/Home/product/index.html
INFO: [ app_init ] --START--
INFO: Run Behavior\BuildLiteBehavior [ RunTime:0.000012s ]
INFO: [ app_init ] --END-- [ RunTime:0.000280s ]
ERR: 无法加载模块:Index.php

[ 2017-10-24T16:08:34+08:00 ] 36.57.148.241 /index.php/Home/server/index.html
INFO: [ app_init ] --START--
INFO: Run Behavior\BuildLiteBehavior [ RunTime:0.000013s ]
INFO: [ app_init ] --END-- [ RunTime:0.000226s ]
ERR: 无法加载模块:Index.php

[ 2017-10-24T16:08:56+08:00 ] 36.57.148.241 /index.php/Admin/users/login.html
INFO: [ app_init ] --START--
INFO: Run Behavior\BuildLiteBehavior [ RunTime:0.000011s ]
INFO: [ app_init ] --END-- [ RunTime:0.000262s ]
ERR: 无法加载模块:Index.php

[ 2017-10-24T16:09:57+08:00 ] 36.57.148.241 /index.php/Admin/Users/yzm.html
INFO: [ app_init ] --START--
INFO: Run Behavior\BuildLiteBehavior [ RunTime:0.000012s ]
INFO: [ app_init ] --END-- [ RunTime:0.000264s ]
ERR: 无法加载模块:Index.php

[ 2017-10-24T16:10:16+08:00 ] 36.57.148.241 /index.php/Admin/Users/yzm/t=0.9170361430864732
INFO: [ app_init ] --START--
INFO: Run Behavior\BuildLiteBehavior [ RunTime:0.000011s ]
INFO: [ app_init ] --END-- [ RunTime:0.000236s ]
ERR: 无法加载模块:Index.php

[ 2017-10-24T16:10:16+08:00 ] 36.57.148.241 /index.php/Admin/Users/yzm/t=0.7487743783443828
INFO: [ app_init ] --START--
INFO: Run Behavior\BuildLiteBehavior [ RunTime:0.000013s ]
INFO: [ app_init ] --END-- [ RunTime:0.000291s ]
ERR: 无法加载模块:Index.php

[ 2017-10-24T16:10:17+08:00 ] 36.57.148.241 /index.php/Admin/Users/yzm/t=0.6023968229967994
INFO: [ app_init ] --START--
INFO: Run Behavior\BuildLiteBehavior [ RunTime:0.000011s ]
INFO: [ app_init ] --END-- [ RunTime:0.000233s ]
ERR: 无法加载模块:Index.php

[ 2017-10-24T16:10:23+08:00 ] 36.57.148.241 /index.php/Admin/Users/yzm.html
INFO: [ app_init ] --START--
INFO: Run Behavior\BuildLiteBehavior [ RunTime:0.000014s ]
INFO: [ app_init ] --END-- [ RunTime:0.000252s ]
ERR: 无法加载模块:Index.php

[ 2017-10-24T16:10:25+08:00 ] 36.57.148.241 /index.php/Admin/Users/yzm/t=0.8957675489484204
INFO: [ app_init ] --START--
INFO: Run Behavior\BuildLiteBehavior [ RunTime:0.000016s ]
INFO: [ app_init ] --END-- [ RunTime:0.000249s ]
ERR: 无法加载模块:Index.php

[ 2017-10-24T16:10:25+08:00 ] 36.57.148.241 /index.php/Admin/Users/yzm/t=0.5531470800201529
INFO: [ app_init ] --START--
INFO: Run Behavior\BuildLiteBehavior [ RunTime:0.000013s ]
INFO: [ app_init ] --END-- [ RunTime:0.000241s ]
ERR: 无法加载模块:Index.php

[ 2017-10-24T16:10:26+08:00 ] 36.57.148.241 /index.php/Admin/Users/yzm/t=0.9391966905362005
INFO: [ app_init ] --START--
INFO: Run Behavior\BuildLiteBehavior [ RunTime:0.000019s ]
INFO: [ app_init ] --END-- [ RunTime:0.000365s ]
ERR: 无法加载模块:Index.php

[ 2017-10-24T16:10:27+08:00 ] 36.57.148.241 /index.php/Admin/Users/yzm/t=0.4057383964600859
INFO: [ app_init ] --START--
INFO: Run Behavior\BuildLiteBehavior [ RunTime:0.000013s ]
INFO: [ app_init ] --END-- [ RunTime:0.000253s ]
ERR: 无法加载模块:Index.php

[ 2017-10-24T16:10:27+08:00 ] 36.57.148.241 /index.php/Admin/Users/yzm/t=0.34259552403962434
INFO: [ app_init ] --START--
INFO: Run Behavior\BuildLiteBehavior [ RunTime:0.000014s ]
INFO: [ app_init ] --END-- [ RunTime:0.000255s ]
ERR: 无法加载模块:Index.php

[ 2017-10-24T16:10:41+08:00 ] 36.57.148.241 /index.php/Admin/users/reg.html
INFO: [ app_init ] --START--
INFO: Run Behavior\BuildLiteBehavior [ RunTime:0.000011s ]
INFO: [ app_init ] --END-- [ RunTime:0.000221s ]
ERR: 无法加载模块:Index.php

[ 2017-10-24T16:12:30+08:00 ] 36.57.148.241 /index.php/Home/product/index.html
INFO: [ app_init ] --START--
INFO: Run Behavior\BuildLiteBehavior [ RunTime:0.000013s ]
INFO: [ app_init ] --END-- [ RunTime:0.000275s ]
ERR: 无法加载模块:Index.php

[ 2017-10-24T16:19:04+08:00 ] 36.57.148.241 /index.php/Home/product/index.html
INFO: [ app_init ] --START--
INFO: Run Behavior\BuildLiteBehavior [ RunTime:0.000014s ]
INFO: [ app_init ] --END-- [ RunTime:0.000246s ]
ERR: 无法加载模块:Index.php

[ 2017-10-24T16:19:12+08:00 ] 36.57.148.241 /index.php/Home/product/index.html
INFO: [ app_init ] --START--
INFO: Run Behavior\BuildLiteBehavior [ RunTime:0.000013s ]
INFO: [ app_init ] --END-- [ RunTime:0.000230s ]
ERR: 无法加载模块:Index.php

[ 2017-10-24T16:19:58+08:00 ] 36.57.148.241 /index.php/Home/product/index.html
INFO: [ app_init ] --START--
INFO: Run Behavior\BuildLiteBehavior [ RunTime:0.000011s ]
INFO: [ app_init ] --END-- [ RunTime:0.000292s ]
ERR: 无法加载模块:Index.php

[ 2017-10-24T16:20:05+08:00 ] 36.57.148.241 /index.php/Home/product/index.html
INFO: [ app_init ] --START--
INFO: Run Behavior\BuildLiteBehavior [ RunTime:0.000012s ]
INFO: [ app_init ] --END-- [ RunTime:0.000242s ]
ERR: 无法加载模块:Index.php

[ 2017-10-24T16:20:08+08:00 ] 36.57.148.241 /index.php/Home/blogs/index.html
INFO: [ app_init ] --START--
INFO: Run Behavior\BuildLiteBehavior [ RunTime:0.000013s ]
INFO: [ app_init ] --END-- [ RunTime:0.000248s ]
ERR: 无法加载模块:Index.php

[ 2017-10-24T16:20:25+08:00 ] 36.57.148.241 /index.php/Home/product/index.html
INFO: [ app_init ] --START--
INFO: Run Behavior\BuildLiteBehavior [ RunTime:0.000010s ]
INFO: [ app_init ] --END-- [ RunTime:0.000226s ]
ERR: 无法加载模块:Index.php

[ 2017-10-24T16:22:11+08:00 ] 36.57.148.241 /index.php/Admin/users/login.html
INFO: [ app_init ] --START--
INFO: Run Behavior\BuildLiteBehavior [ RunTime:0.000017s ]
INFO: [ app_init ] --END-- [ RunTime:0.000306s ]
ERR: 无法加载模块:Index.php

[ 2017-10-24T16:22:48+08:00 ] 36.57.148.241 /index.php/Admin/Users/yzm.html
INFO: [ app_init ] --START--
INFO: Run Behavior\BuildLiteBehavior [ RunTime:0.000013s ]
INFO: [ app_init ] --END-- [ RunTime:0.000274s ]
ERR: 无法加载模块:Index.php

[ 2017-10-24T16:22:52+08:00 ] 36.57.148.241 /index.php/Admin/Users/yzm/t=0.9590102055780027
INFO: [ app_init ] --START--
INFO: Run Behavior\BuildLiteBehavior [ RunTime:0.000015s ]
INFO: [ app_init ] --END-- [ RunTime:0.000269s ]
ERR: 无法加载模块:Index.php

[ 2017-10-24T16:22:53+08:00 ] 36.57.148.241 /index.php/Admin/Users/yzm/t=0.0942168915828574
INFO: [ app_init ] --START--
INFO: Run Behavior\BuildLiteBehavior [ RunTime:0.000011s ]
INFO: [ app_init ] --END-- [ RunTime:0.000239s ]
ERR: 无法加载模块:Index.php

[ 2017-10-24T16:22:53+08:00 ] 36.57.148.241 /index.php/Admin/Users/yzm/t=0.821577875583668
INFO: [ app_init ] --START--
INFO: Run Behavior\BuildLiteBehavior [ RunTime:0.000011s ]
INFO: [ app_init ] --END-- [ RunTime:0.000261s ]
ERR: 无法加载模块:Index.php

[ 2017-10-24T16:22:53+08:00 ] 36.57.148.241 /index.php/Admin/Users/yzm/t=0.7637369093300881
INFO: [ app_init ] --START--
INFO: Run Behavior\BuildLiteBehavior [ RunTime:0.000014s ]
INFO: [ app_init ] --END-- [ RunTime:0.000254s ]
ERR: 无法加载模块:Index.php

[ 2017-10-24T16:22:53+08:00 ] 36.57.148.241 /index.php/Admin/Users/yzm/t=0.1964039023531684
INFO: [ app_init ] --START--
INFO: Run Behavior\BuildLiteBehavior [ RunTime:0.000010s ]
INFO: [ app_init ] --END-- [ RunTime:0.000218s ]
ERR: 无法加载模块:Index.php

[ 2017-10-24T16:22:54+08:00 ] 36.57.148.241 /index.php/Admin/Users/yzm/t=0.8659072341407327
INFO: [ app_init ] --START--
INFO: Run Behavior\BuildLiteBehavior [ RunTime:0.000017s ]
INFO: [ app_init ] --END-- [ RunTime:0.000235s ]
ERR: 无法加载模块:Index.php

[ 2017-10-24T16:22:54+08:00 ] 36.57.148.241 /index.php/Admin/Users/yzm/t=0.8058408135198079
INFO: [ app_init ] --START--
INFO: Run Behavior\BuildLiteBehavior [ RunTime:0.000011s ]
INFO: [ app_init ] --END-- [ RunTime:0.000222s ]
ERR: 无法加载模块:Index.php

[ 2017-10-24T16:22:55+08:00 ] 36.57.148.241 /index.php/Admin/Users/yzm/t=0.21040651515732356
INFO: [ app_init ] --START--
INFO: Run Behavior\BuildLiteBehavior [ RunTime:0.000011s ]
INFO: [ app_init ] --END-- [ RunTime:0.000221s ]
ERR: 无法加载模块:Index.php

[ 2017-10-24T16:22:55+08:00 ] 36.57.148.241 /index.php/Admin/Users/yzm/t=0.21846983918801333
INFO: [ app_init ] --START--
INFO: Run Behavior\BuildLiteBehavior [ RunTime:0.000010s ]
INFO: [ app_init ] --END-- [ RunTime:0.000250s ]
ERR: 无法加载模块:Index.php

[ 2017-10-24T16:23:00+08:00 ] 36.57.148.241 /index.php/Admin/Users/yzm/t=0.669744207993067
INFO: [ app_init ] --START--
INFO: Run Behavior\BuildLiteBehavior [ RunTime:0.000011s ]
INFO: [ app_init ] --END-- [ RunTime:0.000249s ]
ERR: 无法加载模块:Index.php

[ 2017-10-24T16:24:37+08:00 ] 36.57.148.241 /index.php/Admin/Users/yzm.html
INFO: [ app_init ] --START--
INFO: Run Behavior\BuildLiteBehavior [ RunTime:0.000011s ]
INFO: [ app_init ] --END-- [ RunTime:0.000229s ]
ERR: 无法加载模块:Index.php

[ 2017-10-24T16:24:40+08:00 ] 36.57.148.241 /index.php/Admin/users/login.html
INFO: [ app_init ] --START--
INFO: Run Behavior\BuildLiteBehavior [ RunTime:0.000012s ]
INFO: [ app_init ] --END-- [ RunTime:0.000225s ]
ERR: 无法加载模块:Index.php

[ 2017-10-24T16:34:14+08:00 ] 36.57.148.241 /index.php/Home/server/index.html
INFO: [ app_init ] --START--
INFO: Run Behavior\BuildLiteBehavior [ RunTime:0.000012s ]
INFO: [ app_init ] --END-- [ RunTime:0.000227s ]
ERR: 无法加载模块:Index.php

[ 2017-10-24T16:34:20+08:00 ] 36.57.148.241 /thinkphp/huanqiukongtiao/kindeditor/attached/image/20171016/20171016003904_89936.jpg
INFO: [ app_init ] --START--
INFO: Run Behavior\BuildLiteBehavior [ RunTime:0.000011s ]
INFO: [ app_init ] --END-- [ RunTime:0.000256s ]
ERR: 无法加载模块:Thinkphp

[ 2017-10-24T16:40:33+08:00 ] 36.57.148.241 /index.php/Home/product/index.html
INFO: [ app_init ] --START--
INFO: Run Behavior\BuildLiteBehavior [ RunTime:0.000017s ]
INFO: [ app_init ] --END-- [ RunTime:0.000384s ]
ERR: 无法加载模块:Index.php

[ 2017-10-24T16:40:45+08:00 ] 36.57.148.241 /Index.php/Home/product/index.html
INFO: [ app_init ] --START--
INFO: Run Behavior\BuildLiteBehavior [ RunTime:0.000015s ]
INFO: [ app_init ] --END-- [ RunTime:0.000367s ]
ERR: 无法加载模块:Index.php

[ 2017-10-24T16:53:13+08:00 ] 36.57.148.241 /thinkphp/huanqiukongtiao/kindeditor/attached/image/20171016/20171016003904_89936.jpg
INFO: [ app_init ] --START--
INFO: Run Behavior\BuildLiteBehavior [ RunTime:0.000010s ]
INFO: [ app_init ] --END-- [ RunTime:0.000299s ]
ERR: 无法加载模块:Thinkphp

[ 2017-10-24T16:53:15+08:00 ] 36.57.148.241 /thinkphp/huanqiukongtiao/kindeditor/attached/image/20171015/20171015154033_54601.jpg
INFO: [ app_init ] --START--
INFO: Run Behavior\BuildLiteBehavior [ RunTime:0.000012s ]
INFO: [ app_init ] --END-- [ RunTime:0.000224s ]
ERR: 无法加载模块:Thinkphp

[ 2017-10-24T16:53:48+08:00 ] 36.57.148.241 /index.php/Admin/Users/yzm/t=0.5328811418587238
INFO: [ app_init ] --START--
INFO: Run Behavior\BuildLiteBehavior [ RunTime:0.000012s ]
INFO: [ app_init ] --END-- [ RunTime:0.000253s ]
ERR: 无法加载模块:Index.php

[ 2017-10-24T16:53:49+08:00 ] 36.57.148.241 /index.php/Admin/Users/yzm/t=0.8249409501969357
INFO: [ app_init ] --START--
INFO: Run Behavior\BuildLiteBehavior [ RunTime:0.000010s ]
INFO: [ app_init ] --END-- [ RunTime:0.000222s ]
ERR: 无法加载模块:Index.php

[ 2017-10-24T16:53:49+08:00 ] 36.57.148.241 /index.php/Admin/Users/yzm/t=0.2951759720227094
INFO: [ app_init ] --START--
INFO: Run Behavior\BuildLiteBehavior [ RunTime:0.000011s ]
INFO: [ app_init ] --END-- [ RunTime:0.000299s ]
ERR: 无法加载模块:Index.php

[ 2017-10-24T16:53:50+08:00 ] 36.57.148.241 /index.php/Admin/Users/yzm/t=0.21333333456382064
INFO: [ app_init ] --START--
INFO: Run Behavior\BuildLiteBehavior [ RunTime:0.000011s ]
INFO: [ app_init ] --END-- [ RunTime:0.000223s ]
ERR: 无法加载模块:Index.php

[ 2017-10-24T16:53:50+08:00 ] 36.57.148.241 /index.php/Admin/Users/yzm/t=0.3969183206919532
INFO: [ app_init ] --START--
INFO: Run Behavior\BuildLiteBehavior [ RunTime:0.000010s ]
INFO: [ app_init ] --END-- [ RunTime:0.000223s ]
ERR: 无法加载模块:Index.php

[ 2017-10-24T16:53:51+08:00 ] 36.57.148.241 /index.php/Admin/Users/yzm/t=0.8507327218076666
INFO: [ app_init ] --START--
INFO: Run Behavior\BuildLiteBehavior [ RunTime:0.000012s ]
INFO: [ app_init ] --END-- [ RunTime:0.000280s ]
ERR: 无法加载模块:Index.php

[ 2017-10-24T16:53:51+08:00 ] 36.57.148.241 /index.php/Admin/Users/yzm/t=0.7547030454564657
INFO: [ app_init ] --START--
INFO: Run Behavior\BuildLiteBehavior [ RunTime:0.000010s ]
INFO: [ app_init ] --END-- [ RunTime:0.000221s ]
ERR: 无法加载模块:Index.php

[ 2017-10-24T16:55:36+08:00 ] 36.57.148.241 /index.php/Admin/Users/yzm/t=0.5853733441402436
INFO: [ app_init ] --START--
INFO: Run Behavior\BuildLiteBehavior [ RunTime:0.000010s ]
INFO: [ app_init ] --END-- [ RunTime:0.000221s ]
ERR: 无法加载模块:Index.php

[ 2017-10-24T16:55:36+08:00 ] 36.57.148.241 /index.php/Admin/Users/yzm/t=0.8280850506146148
INFO: [ app_init ] --START--
INFO: Run Behavior\BuildLiteBehavior [ RunTime:0.000012s ]
INFO: [ app_init ] --END-- [ RunTime:0.000221s ]
ERR: 无法加载模块:Index.php

[ 2017-10-24T16:55:37+08:00 ] 36.57.148.241 /index.php/Admin/Users/yzm/t=0.8181686913035471
INFO: [ app_init ] --START--
INFO: Run Behavior\BuildLiteBehavior [ RunTime:0.000011s ]
INFO: [ app_init ] --END-- [ RunTime:0.000217s ]
ERR: 无法加载模块:Index.php

[ 2017-10-24T16:55:40+08:00 ] 36.57.148.241 /index.php/Admin/Users/yzm/t=0.08401610685871064
INFO: [ app_init ] --START--
INFO: Run Behavior\BuildLiteBehavior [ RunTime:0.000011s ]
INFO: [ app_init ] --END-- [ RunTime:0.000262s ]
ERR: 无法加载模块:Index.php

[ 2017-10-24T16:57:08+08:00 ] 36.57.148.241 /index.php/Admin/Users/yzm/t=0.8907011552580997
INFO: [ app_init ] --START--
INFO: Run Behavior\BuildLiteBehavior [ RunTime:0.000011s ]
INFO: [ app_init ] --END-- [ RunTime:0.000253s ]
ERR: 无法加载模块:Index.php

[ 2017-10-24T16:57:08+08:00 ] 36.57.148.241 /index.php/Admin/Users/yzm/t=0.23939433935130638
INFO: [ app_init ] --START--
INFO: Run Behavior\BuildLiteBehavior [ RunTime:0.000010s ]
INFO: [ app_init ] --END-- [ RunTime:0.000221s ]
ERR: 无法加载模块:Index.php

[ 2017-10-24T16:57:08+08:00 ] 36.57.148.241 /index.php/Admin/Users/yzm/t=0.013175720882186215
INFO: [ app_init ] --START--
INFO: Run Behavior\BuildLiteBehavior [ RunTime:0.000010s ]
INFO: [ app_init ] --END-- [ RunTime:0.000252s ]
ERR: 无法加载模块:Index.php

[ 2017-10-24T16:57:09+08:00 ] 36.57.148.241 /index.php/Admin/Users/yzm/t=0.5091960988597289
INFO: [ app_init ] --START--
INFO: Run Behavior\BuildLiteBehavior [ RunTime:0.000011s ]
INFO: [ app_init ] --END-- [ RunTime:0.000218s ]
ERR: 无法加载模块:Index.php

[ 2017-10-24T16:57:09+08:00 ] 36.57.148.241 /index.php/Admin/Users/yzm/t=0.5513136694367794
INFO: [ app_init ] --START--
INFO: Run Behavior\BuildLiteBehavior [ RunTime:0.000012s ]
INFO: [ app_init ] --END-- [ RunTime:0.000245s ]
ERR: 无法加载模块:Index.php

[ 2017-10-24T16:57:13+08:00 ] 36.57.148.241 /index.php/Admin/Users/yzm/t=0.895223736439861
INFO: [ app_init ] --START--
INFO: Run Behavior\BuildLiteBehavior [ RunTime:0.000011s ]
INFO: [ app_init ] --END-- [ RunTime:0.000252s ]
ERR: 无法加载模块:Index.php

[ 2017-10-24T16:57:14+08:00 ] 36.57.148.241 /index.php/Admin/Users/yzm/t=0.5130750457178246
INFO: [ app_init ] --START--
INFO: Run Behavior\BuildLiteBehavior [ RunTime:0.000011s ]
INFO: [ app_init ] --END-- [ RunTime:0.000259s ]
ERR: 无法加载模块:Index.php

[ 2017-10-24T16:57:14+08:00 ] 36.57.148.241 /index.php/Admin/Users/yzm/t=0.6208872870906169
INFO: [ app_init ] --START--
INFO: Run Behavior\BuildLiteBehavior [ RunTime:0.000010s ]
INFO: [ app_init ] --END-- [ RunTime:0.000218s ]
ERR: 无法加载模块:Index.php

[ 2017-10-24T16:58:52+08:00 ] 36.57.148.241 /index.php&&m=Admin&&c=Users&&a=yzm&&t=0.20252018654136839
INFO: [ app_init ] --START--
INFO: Run Behavior\BuildLiteBehavior [ RunTime:0.000011s ]
INFO: [ app_init ] --END-- [ RunTime:0.000221s ]
ERR: 无法加载模块:Index

[ 2017-10-24T16:58:53+08:00 ] 36.57.148.241 /index.php&&m=Admin&&c=Users&&a=yzm&&t=0.8614700272213063
INFO: [ app_init ] --START--
INFO: Run Behavior\BuildLiteBehavior [ RunTime:0.000010s ]
INFO: [ app_init ] --END-- [ RunTime:0.000233s ]
ERR: 无法加载模块:Index

[ 2017-10-24T16:58:53+08:00 ] 36.57.148.241 /index.php&&m=Admin&&c=Users&&a=yzm&&t=0.17881332309503029
INFO: [ app_init ] --START--
INFO: Run Behavior\BuildLiteBehavior [ RunTime:0.000014s ]
INFO: [ app_init ] --END-- [ RunTime:0.000242s ]
ERR: 无法加载模块:Index

[ 2017-10-24T16:58:54+08:00 ] 36.57.148.241 /index.php&&m=Admin&&c=Users&&a=yzm&&t=0.6773051763729011
INFO: [ app_init ] --START--
INFO: Run Behavior\BuildLiteBehavior [ RunTime:0.000012s ]
INFO: [ app_init ] --END-- [ RunTime:0.000249s ]
ERR: 无法加载模块:Index

[ 2017-10-24T16:58:54+08:00 ] 36.57.148.241 /index.php&&m=Admin&&c=Users&&a=yzm&&t=0.37704193114105233
INFO: [ app_init ] --START--
INFO: Run Behavior\BuildLiteBehavior [ RunTime:0.000011s ]
INFO: [ app_init ] --END-- [ RunTime:0.000240s ]
ERR: 无法加载模块:Index

[ 2017-10-24T16:58:54+08:00 ] 36.57.148.241 /index.php&&m=Admin&&c=Users&&a=yzm&&t=0.8187639255055374
INFO: [ app_init ] --START--
INFO: Run Behavior\BuildLiteBehavior [ RunTime:0.000011s ]
INFO: [ app_init ] --END-- [ RunTime:0.000219s ]
ERR: 无法加载模块:Index

[ 2017-10-24T16:58:54+08:00 ] 36.57.148.241 /index.php&&m=Admin&&c=Users&&a=yzm&&t=0.3526181946617146
INFO: [ app_init ] --START--
INFO: Run Behavior\BuildLiteBehavior [ RunTime:0.000011s ]
INFO: [ app_init ] --END-- [ RunTime:0.000223s ]
ERR: 无法加载模块:Index

[ 2017-10-24T16:58:55+08:00 ] 36.57.148.241 /index.php&&m=Admin&&c=Users&&a=yzm&&t=0.648527096720265
INFO: [ app_init ] --START--
INFO: Run Behavior\BuildLiteBehavior [ RunTime:0.000010s ]
INFO: [ app_init ] --END-- [ RunTime:0.000220s ]
ERR: 无法加载模块:Index

[ 2017-10-24T16:58:58+08:00 ] 36.57.148.241 /index.php&&m=Admin&&c=Users&&a=yzm&&t=0.10261033022591404
INFO: [ app_init ] --START--
INFO: Run Behavior\BuildLiteBehavior [ RunTime:0.000012s ]
INFO: [ app_init ] --END-- [ RunTime:0.000227s ]
ERR: 无法加载模块:Index

[ 2017-10-24T16:58:58+08:00 ] 36.57.148.241 /index.php&&m=Admin&&c=Users&&a=yzm&&t=0.1154735145681417
INFO: [ app_init ] --START--
INFO: Run Behavior\BuildLiteBehavior [ RunTime:0.000012s ]
INFO: [ app_init ] --END-- [ RunTime:0.000244s ]
ERR: 无法加载模块:Index

[ 2017-10-24T16:58:58+08:00 ] 36.57.148.241 /index.php&&m=Admin&&c=Users&&a=yzm&&t=0.9072069774731848
INFO: [ app_init ] --START--
INFO: Run Behavior\BuildLiteBehavior [ RunTime:0.000011s ]
INFO: [ app_init ] --END-- [ RunTime:0.000222s ]
ERR: 无法加载模块:Index

[ 2017-10-24T16:58:58+08:00 ] 36.57.148.241 /index.php&&m=Admin&&c=Users&&a=yzm&&t=0.8131836233711127
INFO: [ app_init ] --START--
INFO: Run Behavior\BuildLiteBehavior [ RunTime:0.000011s ]
INFO: [ app_init ] --END-- [ RunTime:0.000270s ]
ERR: 无法加载模块:Index

[ 2017-10-24T16:58:58+08:00 ] 36.57.148.241 /index.php&&m=Admin&&c=Users&&a=yzm&&t=0.32721846586045655
INFO: [ app_init ] --START--
INFO: Run Behavior\BuildLiteBehavior [ RunTime:0.000016s ]
INFO: [ app_init ] --END-- [ RunTime:0.000361s ]
ERR: 无法加载模块:Index

[ 2017-10-24T16:58:59+08:00 ] 36.57.148.241 /index.php&&m=Admin&&c=Users&&a=yzm&&t=0.8986112586641386
INFO: [ app_init ] --START--
INFO: Run Behavior\BuildLiteBehavior [ RunTime:0.000011s ]
INFO: [ app_init ] --END-- [ RunTime:0.000236s ]
ERR: 无法加载模块:Index

[ 2017-10-24T16:58:59+08:00 ] 36.57.148.241 /index.php&&m=Admin&&c=Users&&a=yzm&&t=0.13147505728470799
INFO: [ app_init ] --START--
INFO: Run Behavior\BuildLiteBehavior [ RunTime:0.000011s ]
INFO: [ app_init ] --END-- [ RunTime:0.000248s ]
ERR: 无法加载模块:Index

[ 2017-10-24T16:59:07+08:00 ] 36.57.148.241 /index.php&&m=Admin&&c=Users&&a=yzm&&t=0.8752787763561548
INFO: [ app_init ] --START--
INFO: Run Behavior\BuildLiteBehavior [ RunTime:0.000011s ]
INFO: [ app_init ] --END-- [ RunTime:0.000282s ]
ERR: 无法加载模块:Index

[ 2017-10-24T17:01:24+08:00 ] 36.57.148.241 /index.php&&m=Admin&&c=Users&&a=yzm&&t=0.5945068751994079
INFO: [ app_init ] --START--
INFO: Run Behavior\BuildLiteBehavior [ RunTime:0.000012s ]
INFO: [ app_init ] --END-- [ RunTime:0.000261s ]
ERR: 无法加载模块:Index

[ 2017-10-24T17:01:25+08:00 ] 36.57.148.241 /index.php&&m=Admin&&c=Users&&a=yzm&&t=0.09701691483653174
INFO: [ app_init ] --START--
INFO: Run Behavior\BuildLiteBehavior [ RunTime:0.000011s ]
INFO: [ app_init ] --END-- [ RunTime:0.000238s ]
ERR: 无法加载模块:Index

[ 2017-10-24T17:01:38+08:00 ] 36.57.148.241 /index.php&&m=Admin&&c=Users&&a=yzm&&t=0.5512722516848547
INFO: [ app_init ] --START--
INFO: Run Behavior\BuildLiteBehavior [ RunTime:0.000011s ]
INFO: [ app_init ] --END-- [ RunTime:0.000244s ]
ERR: 无法加载模块:Index

[ 2017-10-24T17:09:51+08:00 ] 36.57.148.241 /thinkphp/huanqiukongtiao/kindeditor/attached/image/20171016/20171016003904_89936.jpg
INFO: [ app_init ] --START--
INFO: Run Behavior\BuildLiteBehavior [ RunTime:0.000011s ]
INFO: [ app_init ] --END-- [ RunTime:0.000248s ]
ERR: 无法加载模块:Thinkphp

